  main.cpp
C:\Users\HP\source\repos\kursach\kursach\main.cpp(12,20): warning C4305: инициализация: усечение из "double" в "float"
C:\Users\HP\source\repos\kursach\kursach\main.cpp(13,30): warning C4305: инициализация: усечение из "double" в "float"
C:\Users\HP\source\repos\kursach\kursach\main.cpp(14,24): warning C4305: инициализация: усечение из "double" в "float"
C:\Users\HP\source\repos\kursach\kursach\main.cpp(17,13): warning C4244: инициализация: преобразование "double" в "int", возможна потеря данных
C:\Users\HP\source\repos\kursach\kursach\main.cpp(18,13): warning C4244: инициализация: преобразование "double" в "int", возможна потеря данных
C:\Users\HP\source\repos\kursach\kursach\main.cpp(44,56): warning C4244: аргумент: преобразование "int" в "T", возможна потеря данных
          with
          [
              T=float
          ]
C:\Users\HP\source\repos\kursach\kursach\main.cpp(44,49): warning C4244: аргумент: преобразование "int" в "T", возможна потеря данных
          with
          [
              T=float
          ]
C:\Users\HP\source\repos\kursach\kursach\main.cpp(46,78): warning C4244: аргумент: преобразование "int" в "T", возможна потеря данных
          with
          [
              T=float
          ]
C:\Users\HP\source\repos\kursach\kursach\main.cpp(46,63): warning C4244: аргумент: преобразование "int" в "T", возможна потеря данных
          with
          [
              T=float
          ]
C:\Users\HP\source\repos\kursach\kursach\main.cpp(116,62): warning C4244: аргумент: преобразование "float" в "sf::Uint8", возможна потеря данных
C:\Users\HP\source\repos\kursach\kursach\main.cpp(116,50): warning C4244: аргумент: преобразование "float" в "sf::Uint8", возможна потеря данных
C:\Users\HP\source\repos\kursach\kursach\main.cpp(116,38): warning C4244: аргумент: преобразование "float" в "sf::Uint8", возможна потеря данных
C:\Users\HP\source\repos\kursach\kursach\main.cpp(119,59): warning C4244: аргумент: преобразование "int" в "T", возможна потеря данных
          with
          [
              T=float
          ]
C:\Users\HP\source\repos\kursach\kursach\main.cpp(119,42): warning C4244: аргумент: преобразование "int" в "T", возможна потеря данных
          with
          [
              T=float
          ]
C:\Users\HP\source\repos\kursach\kursach\main.cpp(121,34): warning C4244: аргумент: преобразование "double" в "float", возможна потеря данных
C:\Users\HP\source\repos\kursach\kursach\main.cpp(122,60): warning C4244: аргумент: преобразование "float" в "sf::Uint8", возможна потеря данных
C:\Users\HP\source\repos\kursach\kursach\main.cpp(122,48): warning C4244: аргумент: преобразование "float" в "sf::Uint8", возможна потеря данных
C:\Users\HP\source\repos\kursach\kursach\main.cpp(122,36): warning C4244: аргумент: преобразование "float" в "sf::Uint8", возможна потеря данных
C:\Users\HP\source\repos\kursach\kursach\main.cpp(124,45): warning C4244: аргумент: преобразование "int" в "T", возможна потеря данных
          with
          [
              T=float
          ]
C:\Users\HP\source\repos\kursach\kursach\main.cpp(124,36): warning C4244: аргумент: преобразование "int" в "T", возможна потеря данных
          with
          [
              T=float
          ]
C:\Users\HP\source\repos\kursach\kursach\main.cpp(125,84): warning C4244: аргумент: преобразование "int" в "T", возможна потеря данных
          with
          [
              T=float
          ]
C:\Users\HP\source\repos\kursach\kursach\main.cpp(125,51): warning C4244: аргумент: преобразование "int" в "T", возможна потеря данных
          with
          [
              T=float
          ]
C:\Users\HP\source\repos\kursach\kursach\main.cpp(127,85): warning C4244: аргумент: преобразование "double" в "T", возможна потеря данных
          with
          [
              T=float
          ]
C:\Users\HP\source\repos\kursach\kursach\main.cpp(127,55): warning C4244: аргумент: преобразование "double" в "T", возможна потеря данных
          with
          [
              T=float
          ]
C:\Users\HP\source\repos\kursach\kursach\main.cpp(185,61): warning C4244: аргумент: преобразование "int" в "T", возможна потеря данных
          with
          [
              T=float
          ]
C:\Users\HP\source\repos\kursach\kursach\main.cpp(185,54): warning C4244: аргумент: преобразование "int" в "T", возможна потеря данных
          with
          [
              T=float
          ]
C:\Users\HP\source\repos\kursach\kursach\main.cpp(187,83): warning C4244: аргумент: преобразование "int" в "T", возможна потеря данных
          with
          [
              T=float
          ]
C:\Users\HP\source\repos\kursach\kursach\main.cpp(187,68): warning C4244: аргумент: преобразование "int" в "T", возможна потеря данных
          with
          [
              T=float
          ]
C:\Users\HP\source\repos\kursach\kursach\main.cpp(241,51): warning C4244: аргумент: преобразование "float" в "sf::Uint8", возможна потеря данных
C:\Users\HP\source\repos\kursach\kursach\main.cpp(241,39): warning C4244: аргумент: преобразование "float" в "sf::Uint8", возможна потеря данных
C:\Users\HP\source\repos\kursach\kursach\main.cpp(20,6): warning C4101: temp2: неиспользованная локальная переменная
C:\Users\HP\source\repos\kursach\kursach\main.cpp(27,8): warning C4101: y_temp2: неиспользованная локальная переменная
C:\Users\HP\source\repos\kursach\kursach\main.cpp(26,8): warning C4101: x_temp2: неиспользованная локальная переменная
C:\Users\HP\source\repos\kursach\kursach\main.cpp(19,6): warning C4101: temp: неиспользованная локальная переменная
  kursach.vcxproj -> C:\Users\HP\source\repos\kursach\Debug\kursach.exe
